The system is: Windows - 10.0.18363 - AMD64
Compiling the C compiler identification source file "CMakeCCompilerId.c" succeeded.
Compiler: D:/install/VC/Tools/MSVC/14.26.28801/bin/HostX64/x64/cl.exe 
Build flags: 
Id flags:  

The output was:
0
用于 x64 的 Microsoft (R) C/C++ 优化编译器 19.26.28806 版
版权所有(C) Microsoft Corporation。保留所有权利。

CMakeCCompilerId.c
Microsoft (R) Incremental Linker Version 14.26.28806.0
Copyright (C) Microsoft Corporation.  All rights reserved.

/out:CMakeCCompilerId.exe 
CMakeCCompilerId.obj 


Compilation of the C compiler identification source "CMakeCCompilerId.c" produced "CMakeCCompilerId.exe"

Compilation of the C compiler identification source "CMakeCCompilerId.c" produced "CMakeCCompilerId.obj"

The C compiler identification is MSVC, found in "D:/XBOT/XBOT/TXBOT/资料/TXBOT_Gripper使用说明2.0/Linux C++ SDK使用/SCServo_Linux/SCServo_Linux/out/build/x64-Debug (默认值)/CMakeFiles/3.17.20032601-MSVC_2/CompilerIdC/CMakeCCompilerId.exe"

Compiling the CXX compiler identification source file "CMakeCXXCompilerId.cpp" succeeded.
Compiler: D:/install/VC/Tools/MSVC/14.26.28801/bin/HostX64/x64/cl.exe 
Build flags: 
Id flags:  

The output was:
0
用于 x64 的 Microsoft (R) C/C++ 优化编译器 19.26.28806 版
版权所有(C) Microsoft Corporation。保留所有权利。

CMakeCXXCompilerId.cpp
Microsoft (R) Incremental Linker Version 14.26.28806.0
Copyright (C) Microsoft Corporation.  All rights reserved.

/out:CMakeCXXCompilerId.exe 
CMakeCXXCompilerId.obj 


Compilation of the CXX compiler identification source "CMakeCXXCompilerId.cpp" produced "CMakeCXXCompilerId.exe"

Compilation of the CXX compiler identification source "CMakeCXXCompilerId.cpp" produced "CMakeCXXCompilerId.obj"

The CXX compiler identification is MSVC, found in "D:/XBOT/XBOT/TXBOT/资料/TXBOT_Gripper使用说明2.0/Linux C++ SDK使用/SCServo_Linux/SCServo_Linux/out/build/x64-Debug (默认值)/CMakeFiles/3.17.20032601-MSVC_2/CompilerIdCXX/CMakeCXXCompilerId.exe"

Determining if the C compiler works passed with the following output:
Change Dir: D:/XBOT/XBOT/TXBOT/资料/TXBOT_Gripper使用说明2.0/Linux C++ SDK使用/SCServo_Linux/SCServo_Linux/out/build/x64-Debug (默认值)/CMakeFiles/CMakeTmp

Run Build Command(s):D:\INSTALL\COMMON7\IDE\COMMONEXTENSIONS\MICROSOFT\CMAKE\Ninja\ninja.exe cmTC_6d17c && [1/2] Building C object CMakeFiles\cmTC_6d17c.dir\testCCompiler.c.obj
[2/2] Linking C executable cmTC_6d17c.exe



Detecting C compiler ABI info compiled with the following output:
Change Dir: D:/XBOT/XBOT/TXBOT/资料/TXBOT_Gripper使用说明2.0/Linux C++ SDK使用/SCServo_Linux/SCServo_Linux/out/build/x64-Debug (默认值)/CMakeFiles/CMakeTmp

Run Build Command(s):D:\INSTALL\COMMON7\IDE\COMMONEXTENSIONS\MICROSOFT\CMAKE\Ninja\ninja.exe cmTC_f7c69 && [1/2] Building C object CMakeFiles\cmTC_f7c69.dir\CMakeCCompilerABI.c.obj
[2/2] Linking C executable cmTC_f7c69.exe



Determining if the CXX compiler works passed with the following output:
Change Dir: D:/XBOT/XBOT/TXBOT/资料/TXBOT_Gripper使用说明2.0/Linux C++ SDK使用/SCServo_Linux/SCServo_Linux/out/build/x64-Debug (默认值)/CMakeFiles/CMakeTmp

Run Build Command(s):D:\INSTALL\COMMON7\IDE\COMMONEXTENSIONS\MICROSOFT\CMAKE\Ninja\ninja.exe cmTC_be38b && [1/2] Building CXX object CMakeFiles\cmTC_be38b.dir\testCXXCompiler.cxx.obj
[2/2] Linking CXX executable cmTC_be38b.exe



Detecting CXX compiler ABI info compiled with the following output:
Change Dir: D:/XBOT/XBOT/TXBOT/资料/TXBOT_Gripper使用说明2.0/Linux C++ SDK使用/SCServo_Linux/SCServo_Linux/out/build/x64-Debug (默认值)/CMakeFiles/CMakeTmp

Run Build Command(s):D:\INSTALL\COMMON7\IDE\COMMONEXTENSIONS\MICROSOFT\CMAKE\Ninja\ninja.exe cmTC_ae56b && [1/2] Building CXX object CMakeFiles\cmTC_ae56b.dir\CMakeCXXCompilerABI.cpp.obj
[2/2] Linking CXX executable cmTC_ae56b.exe



